[11:49:59] [main/INFO]: Loading for game Minecraft 1.16.2
[11:49:59] [main/INFO]: Fabric is preparing JARs on first launch, this may take a few seconds...
[11:50:14] [main/FATAL]: A critical error occurred
net.fabricmc.loader.discovery.ModResolutionException: Mod resolution failed!
	at net.fabricmc.loader.discovery.ModResolver.resolve(ModResolver.java:600) ~[fabric-loader-0.9.2+build.206.jar:?]
	at net.fabricmc.loader.FabricLoader.setup(FabricLoader.java:202) ~[fabric-loader-0.9.2+build.206.jar:?]
	at net.fabricmc.loader.FabricLoader.load(FabricLoader.java:192) [fabric-loader-0.9.2+build.206.jar:?]
	at net.fabricmc.loader.launch.knot.Knot.init(Knot.java:127) [fabric-loader-0.9.2+build.206.jar:?]
	at net.fabricmc.loader.launch.knot.KnotClient.main(KnotClient.java:26) [fabric-loader-0.9.2+build.206.jar:?]
	at jdk.internal.reflect.NativeMethodAccessorImpl.invoke0(Native Method) ~[?:?]
	at jdk.internal.reflect.NativeMethodAccessorImpl.invoke(Unknown Source) ~[?:?]
	at jdk.internal.reflect.DelegatingMethodAccessorImpl.invoke(Unknown Source) ~[?:?]
	at java.lang.reflect.Method.invoke(Unknown Source) ~[?:?]
	at org.multimc.onesix.OneSixLauncher.launchWithMainClass(OneSixLauncher.java:196) [NewLaunch.jar:?]
	at org.multimc.onesix.OneSixLauncher.launch(OneSixLauncher.java:231) [NewLaunch.jar:?]
	at org.multimc.EntryPoint.listen(EntryPoint.java:143) [NewLaunch.jar:?]
	at org.multimc.EntryPoint.main(EntryPoint.java:34) [NewLaunch.jar:?]
Caused by: java.lang.RuntimeException: java.lang.RuntimeException: Failed to open mod JAR at /Applications/MultiMC.app/Contents/MacOS/instances/All-of-Fabric-3/.minecraft/mods/Mambience-2.1.0+1.16.2.jar!
	at jdk.internal.reflect.NativeConstructorAccessorImpl.newInstance0(Native Method) ~[?:?]
	at jdk.internal.reflect.NativeConstructorAccessorImpl.newInstance(Unknown Source) ~[?:?]
	at jdk.internal.reflect.DelegatingConstructorAccessorImpl.newInstance(Unknown Source) ~[?:?]
	at java.lang.reflect.Constructor.newInstanceWithCaller(Unknown Source) ~[?:?]
	at java.lang.reflect.Constructor.newInstance(Unknown Source) ~[?:?]
	at java.util.concurrent.ForkJoinTask.getThrowableException(Unknown Source) ~[?:?]
	at java.util.concurrent.ForkJoinTask.getException(Unknown Source) ~[?:?]
	at net.fabricmc.loader.discovery.ModResolver.resolve(ModResolver.java:583) ~[fabric-loader-0.9.2+build.206.jar:?]
	... 12 more
Caused by: java.lang.RuntimeException: Failed to open mod JAR at /Applications/MultiMC.app/Contents/MacOS/instances/All-of-Fabric-3/.minecraft/mods/Mambience-2.1.0+1.16.2.jar!
	at net.fabricmc.loader.discovery.ModResolver$UrlProcessAction.compute(ModResolver.java:456) ~[fabric-loader-0.9.2+build.206.jar:?]
	at java.util.concurrent.RecursiveAction.exec(Unknown Source) ~[?:?]
	at java.util.concurrent.ForkJoinTask.doExec(Unknown Source) ~[?:?]
	at java.util.concurrent.ForkJoinPool$WorkQueue.topLevelExec(Unknown Source) ~[?:?]
	at java.util.concurrent.ForkJoinPool.scan(Unknown Source) ~[?:?]
	at java.util.concurrent.ForkJoinPool.runWorker(Unknown Source) ~[?:?]
	at java.util.concurrent.ForkJoinWorkerThread.run(Unknown Source) ~[?:?]
