DEBUG:finished loading config
LOG:Loading language file: en_US
DEBUG:Establishing a socket connection to the server...
LOG:< Connecting to server >
DEBUG:Creating input/output streams...
DEBUG:Fetching managed directories from server
LOG:Building file list for directories: [mods, kubejs]
LOG:<------> Starting Update Process <------>
DEBUG:Ignoring [**/serversync-*.jar, **/serversync-*.cfg]
DEBUG:Fetching number of managed files from server
DEBUG:Number of server files: 112.0
DEBUG:Processing file: kubejs/client.properties, with hash: c2354b18452a75c9980e3065712b5a6c25408ba6c15c0e9532f26d197acf7f9f
LOG:File up to date: kubejs/client.properties
DEBUG:Processing file: kubejs/assets/modpack/lang/en_us.json, with hash: f33ea6c33d7292edb90d1db4d22ada642f40fb8c5ce90e2e779a44b81b3ba016
LOG:File up to date: kubejs/assets/modpack/lang/en_us.json
DEBUG:Processing file: mods/slotlink-1.1.6+minecraft-1.16.2.jar, with hash: 342b5370276e768a2b57a0a6c494e5a3e43a6d4e2fbde310bdca67b6f353697f
DEBUG:Don't have file: mods/slotlink-1.1.6+minecraft-1.16.2.jar
DEBUG:Attempting to write file (mods/slotlink-1.1.6+minecraft-1.16.2.jar)
DEBUG:Finished writing filemods/slotlink-1.1.6+minecraft-1.16.2.jar
LOG:Successfully updated: mods/slotlink-1.1.6+minecraft-1.16.2.jar
DEBUG:Processing file: mods/appleskin-mc1.16-fabric-1.0.11.jar, with hash: 22478eec983e4b117cf53d6a7b84de3b92114823886f499d927bb1d5aa7eea9f
DEBUG:Don't have file: mods/appleskin-mc1.16-fabric-1.0.11.jar
DEBUG:Attempting to write file (mods/appleskin-mc1.16-fabric-1.0.11.jar)
DEBUG:Finished writing filemods/appleskin-mc1.16-fabric-1.0.11.jar
LOG:Successfully updated: mods/appleskin-mc1.16-fabric-1.0.11.jar
DEBUG:Processing file: mods/diggusmaximus-1.3.1-1.16.jar, with hash: dba291ee153d98c1fa3199f34bdec0f5a287aca83661feb31d47ad311fe9ad44
DEBUG:Don't have file: mods/diggusmaximus-1.3.1-1.16.jar
DEBUG:Attempting to write file (mods/diggusmaximus-1.3.1-1.16.jar)
DEBUG:Finished writing filemods/diggusmaximus-1.3.1-1.16.jar
LOG:Successfully updated: mods/diggusmaximus-1.3.1-1.16.jar
DEBUG:Processing file: mods/kibe-1.16.2-1.2-BETA.jar, with hash: 3d0ca2684ca3a8100d6408c00bd4c190b4d9eb0cd00a79a9376b143888494837
DEBUG:Don't have file: mods/kibe-1.16.2-1.2-BETA.jar
DEBUG:Attempting to write file (mods/kibe-1.16.2-1.2-BETA.jar)
DEBUG:Finished writing filemods/kibe-1.16.2-1.2-BETA.jar
LOG:Successfully updated: mods/kibe-1.16.2-1.2-BETA.jar
DEBUG:Processing file: mods/winged-1.16.2-1.3.2.jar, with hash: 617cbcf2463b07f61803900642da8729b15098473f9beadb70363019ea9a8f52
DEBUG:Don't have file: mods/winged-1.16.2-1.3.2.jar
DEBUG:Attempting to write file (mods/winged-1.16.2-1.3.2.jar)
DEBUG:Finished writing filemods/winged-1.16.2-1.3.2.jar
LOG:Successfully updated: mods/winged-1.16.2-1.3.2.jar
DEBUG:Processing file: mods/give-me-hats-1.16-1.2.8.jar, with hash: 644d16229bf20ec9de49abb2c3dabd8718f7e94359b0bf3bfb5c05b19da91037
DEBUG:Don't have file: mods/give-me-hats-1.16-1.2.8.jar
DEBUG:Attempting to write file (mods/give-me-hats-1.16-1.2.8.jar)
DEBUG:Finished writing filemods/give-me-hats-1.16-1.2.8.jar
LOG:Successfully updated: mods/give-me-hats-1.16-1.2.8.jar
DEBUG:Processing file: mods/cleancut-mc1.16-2.1-fabric.jar, with hash: aa7d3117bcdd26d9c380477167c1e1dae30e1c5232a340cc27efd44d778a3a78
DEBUG:Don't have file: mods/cleancut-mc1.16-2.1-fabric.jar
DEBUG:Attempting to write file (mods/cleancut-mc1.16-2.1-fabric.jar)
DEBUG:Finished writing filemods/cleancut-mc1.16-2.1-fabric.jar
LOG:Successfully updated: mods/cleancut-mc1.16-2.1-fabric.jar
DEBUG:Processing file: mods/boringbackgrounds-2.1.0-1.16.pre3.jar, with hash: b8a9751f84a001b7faf6de7e6b582015ee215a24ba2cc2bb3a18c4bba55955b4
DEBUG:Don't have file: mods/boringbackgrounds-2.1.0-1.16.pre3.jar
DEBUG:Attempting to write file (mods/boringbackgrounds-2.1.0-1.16.pre3.jar)
DEBUG:Finished writing filemods/boringbackgrounds-2.1.0-1.16.pre3.jar
LOG:Successfully updated: mods/boringbackgrounds-2.1.0-1.16.pre3.jar
DEBUG:Processing file: mods/EndRebellion+[1.8].jar, with hash: b39151b9fb8d05e8944aa23718a42df8bd5eb2a2b76f3c356b398e67fe641c60
DEBUG:Don't have file: mods/EndRebellion+[1.8].jar
DEBUG:Attempting to write file (mods/EndRebellion+[1.8].jar)
DEBUG:Finished writing filemods/EndRebellion+[1.8].jar
LOG:Successfully updated: mods/EndRebellion+[1.8].jar
DEBUG:Processing file: mods/RebornCore-1.16-4.4.0+build.67.jar, with hash: 2545278c53cdfaf0f824c23d9b19b2b4d4aeaa10dc7aebf8aa4f408c97433d8e
DEBUG:Don't have file: mods/RebornCore-1.16-4.4.0+build.67.jar
DEBUG:Attempting to write file (mods/RebornCore-1.16-4.4.0+build.67.jar)
DEBUG:Finished writing filemods/RebornCore-1.16-4.4.0+build.67.jar
LOG:Successfully updated: mods/RebornCore-1.16-4.4.0+build.67.jar
DEBUG:Processing file: kubejs/data/modpack/kubejs/missed_recipes.js, with hash: 6e41aa51c84b6a07760648ba7864578febb1993e7b072a59110cd70885ffd816
LOG:File up to date: kubejs/data/modpack/kubejs/missed_recipes.js
DEBUG:Processing file: mods/bedspreads-fabric-1.1.0-1.16.2.jar, with hash: f9c7afa88bf197917ae5ea5f3fef926399c7e7105cf7aa732d568f4862f2c1e7
DEBUG:Don't have file: mods/bedspreads-fabric-1.1.0-1.16.2.jar
DEBUG:Attempting to write file (mods/bedspreads-fabric-1.1.0-1.16.2.jar)
DEBUG:Finished writing filemods/bedspreads-fabric-1.1.0-1.16.2.jar
LOG:Successfully updated: mods/bedspreads-fabric-1.1.0-1.16.2.jar
DEBUG:Processing file: mods/fabric-furnaces-1.3.1-1.16.1.jar, with hash: 20d2dd7e89f7916a837f189585634f0e68bfa1622bf2cc4c953b566ca8218e52
DEBUG:Don't have file: mods/fabric-furnaces-1.3.1-1.16.1.jar
DEBUG:Attempting to write file (mods/fabric-furnaces-1.3.1-1.16.1.jar)
DEBUG:Finished writing filemods/fabric-furnaces-1.3.1-1.16.1.jar
LOG:Successfully updated: mods/fabric-furnaces-1.3.1-1.16.1.jar
DEBUG:Processing file: mods/better-enchanted-books-1.16.2-1.1.1.jar, with hash: b35ab5396571c932bb603ae635a186bb13e423f65377b7b3dd3761359ea0f0b6
DEBUG:Don't have file: mods/better-enchanted-books-1.16.2-1.1.1.jar
DEBUG:Attempting to write file (mods/better-enchanted-books-1.16.2-1.1.1.jar)
DEBUG:Finished writing filemods/better-enchanted-books-1.16.2-1.1.1.jar
LOG:Successfully updated: mods/better-enchanted-books-1.16.2-1.1.1.jar
DEBUG:Processing file: mods/simpleteleporters-2.2.1.jar, with hash: b58f513970cf0b5ba83e18c74780855851dc0db17c124efb3596be4ffc23c3db
DEBUG:Don't have file: mods/simpleteleporters-2.2.1.jar
DEBUG:Attempting to write file (mods/simpleteleporters-2.2.1.jar)
DEBUG:Finished writing filemods/simpleteleporters-2.2.1.jar
LOG:Successfully updated: mods/simpleteleporters-2.2.1.jar
DEBUG:Processing file: mods/quickshulker-1.1.6-1.16.jar, with hash: a3e16f88bde840d5e396a7b31e5813d803a38f416605a3669bf5cd94bad64610
DEBUG:Don't have file: mods/quickshulker-1.1.6-1.16.jar
DEBUG:Attempting to write file (mods/quickshulker-1.1.6-1.16.jar)
DEBUG:Finished writing filemods/quickshulker-1.1.6-1.16.jar
LOG:Successfully updated: mods/quickshulker-1.1.6-1.16.jar
DEBUG:Processing file: mods/Adorn-1.11.0+1.16.2.jar, with hash: a6e9f874c6c21133fe726934e5eb5c2f3b3afbc155ed67cc5a05debc6bc2f6fa
DEBUG:Don't have file: mods/Adorn-1.11.0+1.16.2.jar
DEBUG:Attempting to write file (mods/Adorn-1.11.0+1.16.2.jar)
DEBUG:Finished writing filemods/Adorn-1.11.0+1.16.2.jar
LOG:Successfully updated: mods/Adorn-1.11.0+1.16.2.jar
DEBUG:Processing file: mods/CraftPresence-Fabric-1.16.2-1.6.8.jar, with hash: b7344dac759bdf84b4168868c25ad8842a130a7ff26cb1a467d4d06237f43573
DEBUG:Don't have file: mods/CraftPresence-Fabric-1.16.2-1.6.8.jar
DEBUG:Attempting to write file (mods/CraftPresence-Fabric-1.16.2-1.6.8.jar)
DEBUG:Finished writing filemods/CraftPresence-Fabric-1.16.2-1.6.8.jar
LOG:Successfully updated: mods/CraftPresence-Fabric-1.16.2-1.6.8.jar
DEBUG:Processing file: mods/CEFoodstuffs-1.0-(Fabric-1.16.2).jar, with hash: aed120aee29653c1a7f424a817c8a4940cde9944186e0c9b0790803388a5f2ad
DEBUG:Don't have file: mods/CEFoodstuffs-1.0-(Fabric-1.16.2).jar
DEBUG:Attempting to write file (mods/CEFoodstuffs-1.0-(Fabric-1.16.2).jar)
DEBUG:Finished writing filemods/CEFoodstuffs-1.0-(Fabric-1.16.2).jar
LOG:Successfully updated: mods/CEFoodstuffs-1.0-(Fabric-1.16.2).jar
DEBUG:Processing file: kubejs/data/modpack/kubejs/unification.js, with hash: 9486119a2a4767d03f0ecab26f921ac6a81679780a0f6a10a58efd4a8ecf9b11
LOG:File up to date: kubejs/data/modpack/kubejs/unification.js
DEBUG:Processing file: mods/indrev-1.5.1-BETA.jar, with hash: fc11542eecd2638bf0ca44f2bbbe77b1dc32ba997ef2c80d8e5010c057265220
DEBUG:Don't have file: mods/indrev-1.5.1-BETA.jar
DEBUG:Attempting to write file (mods/indrev-1.5.1-BETA.jar)
DEBUG:Finished writing filemods/indrev-1.5.1-BETA.jar
LOG:Successfully updated: mods/indrev-1.5.1-BETA.jar
DEBUG:Processing file: mods/fabric-language-kotlin-1.3.72+build.1.jar, with hash: c35af4039817b6bc27278ee68026a9b28f27ec269ded24ecbb30fb05a48d8b92
DEBUG:Don't have file: mods/fabric-language-kotlin-1.3.72+build.1.jar
DEBUG:Attempting to write file (mods/fabric-language-kotlin-1.3.72+build.1.jar)
DEBUG:Finished writing filemods/fabric-language-kotlin-1.3.72+build.1.jar
LOG:Successfully updated: mods/fabric-language-kotlin-1.3.72+build.1.jar
DEBUG:Processing file: mods/linkart-2.0.3+fabric-1.16.1.jar, with hash: 1f873645727a126a5e9db230209e503fe5403da3ab176e47274f9de611303c3c
DEBUG:Don't have file: mods/linkart-2.0.3+fabric-1.16.1.jar
DEBUG:Attempting to write file (mods/linkart-2.0.3+fabric-1.16.1.jar)
DEBUG:Finished writing filemods/linkart-2.0.3+fabric-1.16.1.jar
LOG:Successfully updated: mods/linkart-2.0.3+fabric-1.16.1.jar
DEBUG:Processing file: mods/crusade-1.1.2+1.16.1.jar, with hash: 4e80a11733879fd9797637df8354038089eaf16324b101fafce76cea10f0ae68
DEBUG:Don't have file: mods/crusade-1.1.2+1.16.1.jar
DEBUG:Attempting to write file (mods/crusade-1.1.2+1.16.1.jar)
DEBUG:Finished writing filemods/crusade-1.1.2+1.16.1.jar
LOG:Successfully updated: mods/crusade-1.1.2+1.16.1.jar
DEBUG:Processing file: mods/blockus-1.6.3.jar, with hash: 061728b47064c8636211c5f49beba43dd741e843d5330e456b190f2f01538c24
DEBUG:Don't have file: mods/blockus-1.6.3.jar
DEBUG:Attempting to write file (mods/blockus-1.6.3.jar)
DEBUG:Finished writing filemods/blockus-1.6.3.jar
LOG:Successfully updated: mods/blockus-1.6.3.jar
DEBUG:Processing file: mods/slab-helper-mc1.16.2-1.3.3.jar, with hash: d2be0209fb61d7c628560d270bae99e9f29733f77bbc07c895102767c6272190
DEBUG:Don't have file: mods/slab-helper-mc1.16.2-1.3.3.jar
DEBUG:Attempting to write file (mods/slab-helper-mc1.16.2-1.3.3.jar)
DEBUG:Finished writing filemods/slab-helper-mc1.16.2-1.3.3.jar
LOG:Successfully updated: mods/slab-helper-mc1.16.2-1.3.3.jar
DEBUG:Processing file: mods/flora-doubling-1.16.1-1.1.2.jar, with hash: 94096e7e115cac2bae234607d4e86858cd7a2bfc5deef0234ea364fde151cc9a
DEBUG:Don't have file: mods/flora-doubling-1.16.1-1.1.2.jar
DEBUG:Attempting to write file (mods/flora-doubling-1.16.1-1.1.2.jar)
DEBUG:Finished writing filemods/flora-doubling-1.16.1-1.1.2.jar
LOG:Successfully updated: mods/flora-doubling-1.16.1-1.1.2.jar
DEBUG:Processing file: mods/rer-2.1.0.jar, with hash: 404f45ef4c215535f8c9372ac470cfe19b7f6d469cf9fa30ef18483152d49c4c
DEBUG:Don't have file: mods/rer-2.1.0.jar
DEBUG:Attempting to write file (mods/rer-2.1.0.jar)
DEBUG:Finished writing filemods/rer-2.1.0.jar
LOG:Successfully updated: mods/rer-2.1.0.jar
DEBUG:Processing file: mods/wolves-with-armor-1.5.2-1.16.2.jar, with hash: 4b9b203b8e348e276f350213d5dc6219ab8bab03b5d0bc376883e6f1f8f96e1f
DEBUG:Don't have file: mods/wolves-with-armor-1.5.2-1.16.2.jar
DEBUG:Attempting to write file (mods/wolves-with-armor-1.5.2-1.16.2.jar)
DEBUG:Finished writing filemods/wolves-with-armor-1.5.2-1.16.2.jar
LOG:Successfully updated: mods/wolves-with-armor-1.5.2-1.16.2.jar
DEBUG:Processing file: mods/linkedstorage-1.3.7-1.16.jar, with hash: 887b07c14df0f6a853ddfa38cad84eabc83db0cb58dd5cbf2aede3a7d6fa729b
DEBUG:Don't have file: mods/linkedstorage-1.3.7-1.16.jar
DEBUG:Attempting to write file (mods/linkedstorage-1.3.7-1.16.jar)
DEBUG:Finished writing filemods/linkedstorage-1.3.7-1.16.jar
LOG:Successfully updated: mods/linkedstorage-1.3.7-1.16.jar
DEBUG:Processing file: mods/Harvest-fabric-1.16.1-1.2.12-26.jar, with hash: 00b95bf844b2e5a278df1fd17a8f5cdda45d934a0f1cad542517243b4c5217ad
DEBUG:Don't have file: mods/Harvest-fabric-1.16.1-1.2.12-26.jar
DEBUG:Attempting to write file (mods/Harvest-fabric-1.16.1-1.2.12-26.jar)
DEBUG:Finished writing filemods/Harvest-fabric-1.16.1-1.2.12-26.jar
LOG:Successfully updated: mods/Harvest-fabric-1.16.1-1.2.12-26.jar
DEBUG:Processing file: mods/InventorySorter-1.7.2-1.16.jar, with hash: 08f86d3ccb4151fba715612891931f6976290f77c3be1616be94e5b3bb609ce5
DEBUG:Don't have file: mods/InventorySorter-1.7.2-1.16.jar
DEBUG:Attempting to write file (mods/InventorySorter-1.7.2-1.16.jar)
DEBUG:Finished writing filemods/InventorySorter-1.7.2-1.16.jar
LOG:Successfully updated: mods/InventorySorter-1.7.2-1.16.jar
DEBUG:Processing file: mods/vanilla-hammers-2.0.5-1.16.2.jar, with hash: 131b6cf3e757496a8a31bb9faf72f5422a92c03221838710ce0d63c3db6ae817
DEBUG:Don't have file: mods/vanilla-hammers-2.0.5-1.16.2.jar
DEBUG:Attempting to write file (mods/vanilla-hammers-2.0.5-1.16.2.jar)
DEBUG:Finished writing filemods/vanilla-hammers-2.0.5-1.16.2.jar
LOG:Successfully updated: mods/vanilla-hammers-2.0.5-1.16.2.jar
DEBUG:Processing file: mods/glassdoor-1.4.4-1.16.jar, with hash: 00c0645618bd7bc4a406c122fdb1f23cf85b88d38074585ea0b20f46c6a1f55a
DEBUG:Don't have file: mods/glassdoor-1.4.4-1.16.jar
DEBUG:Attempting to write file (mods/glassdoor-1.4.4-1.16.jar)
DEBUG:Finished writing filemods/glassdoor-1.4.4-1.16.jar
LOG:Successfully updated: mods/glassdoor-1.4.4-1.16.jar
DEBUG:Processing file: mods/fabric-diagonal-panes-0.3.0.jar, with hash: 4d5ee2df77efc861edbaad6301bba1c51ecd776288b10427659b57c9ad768524
DEBUG:Don't have file: mods/fabric-diagonal-panes-0.3.0.jar
DEBUG:Attempting to write file (mods/fabric-diagonal-panes-0.3.0.jar)
DEBUG:Finished writing filemods/fabric-diagonal-panes-0.3.0.jar
LOG:Successfully updated: mods/fabric-diagonal-panes-0.3.0.jar
DEBUG:Processing file: mods/Allure-1.2.4.jar, with hash: 616024e4747d7231170fbb59ff636a6d397d18d8823d063cf421a9624951c2ec
DEBUG:Don't have file: mods/Allure-1.2.4.jar
DEBUG:Attempting to write file (mods/Allure-1.2.4.jar)
DEBUG:Finished writing filemods/Allure-1.2.4.jar
LOG:Successfully updated: mods/Allure-1.2.4.jar
DEBUG:Processing file: mods/Hwyla-fabric-1.16.2-1.9.23-79.jar, with hash: 54ed75a0ca772a34f3aaf1ce67a9d714baebef8015405f63ff07ff98ff4f584e
DEBUG:Don't have file: mods/Hwyla-fabric-1.16.2-1.9.23-79.jar
DEBUG:Attempting to write file (mods/Hwyla-fabric-1.16.2-1.9.23-79.jar)
DEBUG:Finished writing filemods/Hwyla-fabric-1.16.2-1.9.23-79.jar
LOG:Successfully updated: mods/Hwyla-fabric-1.16.2-1.9.23-79.jar
DEBUG:Processing file: mods/bambootweaks-2.0.0+1.16.1.jar, with hash: bb94798a0069bfcd6135b031ec5e736c2910c3dbcb0898c5ed3fa8d58661bffa
DEBUG:Don't have file: mods/bambootweaks-2.0.0+1.16.1.jar
DEBUG:Attempting to write file (mods/bambootweaks-2.0.0+1.16.1.jar)
DEBUG:Finished writing filemods/bambootweaks-2.0.0+1.16.1.jar
LOG:Successfully updated: mods/bambootweaks-2.0.0+1.16.1.jar
DEBUG:Processing file: mods/jumploader-2.0.1.jar, with hash: 6bfa6be25b5ca7fb480661457434b2d4dee939adf7601595fbd49c3d56203f28
DEBUG:Don't have file: mods/jumploader-2.0.1.jar
DEBUG:Attempting to write file (mods/jumploader-2.0.1.jar)
DEBUG:Finished writing filemods/jumploader-2.0.1.jar
LOG:Successfully updated: mods/jumploader-2.0.1.jar
DEBUG:Processing file: mods/stonecutter-tweaks-1.1.0-1.16.jar, with hash: 4caef16ab17e22770a4d2713bb80537c60f9be054f2185109dd3430af603289b
DEBUG:Don't have file: mods/stonecutter-tweaks-1.1.0-1.16.jar
DEBUG:Attempting to write file (mods/stonecutter-tweaks-1.1.0-1.16.jar)
DEBUG:Finished writing filemods/stonecutter-tweaks-1.1.0-1.16.jar
LOG:Successfully updated: mods/stonecutter-tweaks-1.1.0-1.16.jar
DEBUG:Processing file: mods/deepmoblearning-refabricated-0.3.0-alpha4.jar, with hash: 6bb959aecb08bb06aa6c3d2c6282226fde58bce6949a30b6b452cf48cecfffba
DEBUG:Don't have file: mods/deepmoblearning-refabricated-0.3.0-alpha4.jar
DEBUG:Attempting to write file (mods/deepmoblearning-refabricated-0.3.0-alpha4.jar)
DEBUG:Finished writing filemods/deepmoblearning-refabricated-0.3.0-alpha4.jar
LOG:Successfully updated: mods/deepmoblearning-refabricated-0.3.0-alpha4.jar
DEBUG:Processing file: mods/Cardinal-Components-API-2.5.0.jar, with hash: 843460e0d0b781934e9d33a81ddfb08113e36b665e792f11fdd047d20cd54952
DEBUG:Don't have file: mods/Cardinal-Components-API-2.5.0.jar
DEBUG:Attempting to write file (mods/Cardinal-Components-API-2.5.0.jar)
DEBUG:Finished writing filemods/Cardinal-Components-API-2.5.0.jar
LOG:Successfully updated: mods/Cardinal-Components-API-2.5.0.jar
DEBUG:Processing file: mods/staffofbuilding-1.2.2-1.16.2.jar, with hash: 3912ec164c1c59d519f61c99bc126ed6a9d422b5ff1f4fcd800c3fcaf21e30ba
DEBUG:Don't have file: mods/staffofbuilding-1.2.2-1.16.2.jar
DEBUG:Attempting to write file (mods/staffofbuilding-1.2.2-1.16.2.jar)
DEBUG:Finished writing filemods/staffofbuilding-1.2.2-1.16.2.jar
LOG:Successfully updated: mods/staffofbuilding-1.2.2-1.16.2.jar
DEBUG:Processing file: mods/expandedstorage-5.5.22+1.16.2.jar, with hash: cbad70d86450d83aeb108a6dc612fbab1267e5454ef4dc2f505bbed9569f7c11
DEBUG:Don't have file: mods/expandedstorage-5.5.22+1.16.2.jar
DEBUG:Attempting to write file (mods/expandedstorage-5.5.22+1.16.2.jar)
DEBUG:Finished writing filemods/expandedstorage-5.5.22+1.16.2.jar
LOG:Successfully updated: mods/expandedstorage-5.5.22+1.16.2.jar
DEBUG:Processing file: mods/kubejs-fabric-1.3.1.jar, with hash: 2008ae732e39958e8e50b93f031417b5bc48c1ad52589f89f0aa143c223077f8
DEBUG:Don't have file: mods/kubejs-fabric-1.3.1.jar
DEBUG:Attempting to write file (mods/kubejs-fabric-1.3.1.jar)
DEBUG:Finished writing filemods/kubejs-fabric-1.3.1.jar
LOG:Successfully updated: mods/kubejs-fabric-1.3.1.jar
DEBUG:Processing file: mods/Mambience-2.1.0+1.16.2.jar, with hash: da5d11befe40177189b77dd884062d818d3e3f718bbd9f6b40f22f8476853a71
DEBUG:Don't have file: mods/Mambience-2.1.0+1.16.2.jar
DEBUG:Attempting to write file (mods/Mambience-2.1.0+1.16.2.jar)
